<?xml version="1.0" encoding="UTF-8"?>
<testng-results ignored="0" total="1" passed="1" failed="0" skipped="0">
  <reporter-output>
  </reporter-output>
  <suite started-at="2024-01-19T18:05:07 IST" name="Default suite" finished-at="2024-01-19T18:05:09 IST" duration-ms="1511">
    <groups>
    </groups>
    <test started-at="2024-01-19T18:05:07 IST" name="Default test" finished-at="2024-01-19T18:05:09 IST" duration-ms="1511">
      <class name="UserRegistrationTest">
        <test-method is-config="true" signature="setUp()[pri:0, instance:UserRegistrationTest@71238fc2]" started-at="2024-01-19T18:05:07 IST" name="setUp" finished-at="2024-01-19T18:05:08 IST" duration-ms="1373" status="PASS">
          <reporter-output>
          </reporter-output>
        </test-method> <!-- setUp -->
        <test-method signature="testUserRegistration()[pri:0, instance:UserRegistrationTest@71238fc2]" started-at="2024-01-19T18:05:09 IST" name="testUserRegistration" finished-at="2024-01-19T18:05:09 IST" duration-ms="4" status="PASS">
          <reporter-output>
          </reporter-output>
        </test-method> <!-- testUserRegistration -->
        <test-method is-config="true" signature="tearDown()[pri:0, instance:UserRegistrationTest@71238fc2]" started-at="2024-01-19T18:05:09 IST" name="tearDown" finished-at="2024-01-19T18:05:09 IST" duration-ms="105" status="PASS">
          <reporter-output>
          </reporter-output>
        </test-method> <!-- tearDown -->
      </class> <!-- UserRegistrationTest -->
    </test> <!-- Default test -->
  </suite> <!-- Default suite -->
</testng-results>
